This is pdfTeX, Version 3.141592653-2.6-1.40.26 (MiKTeX 24.3) (preloaded format=pdflatex 2024.3.14)  26 MAY 2024 16:40
entering extended mode
 restricted \write18 enabled.
 file:line:error style messages enabled.
 %&-line parsing enabled.
**"c:/Users/Kuba/Desktop/MGR SQL/numeryczne/numerical_methods/lab7/tex/raport7.tex"
(c:/Users/Kuba/Desktop/MGR SQL/numeryczne/numerical_methods/lab7/tex/raport7.tex
LaTeX2e <2023-11-01> patch level 1
L3 programming layer <2024-02-20>
(C:\Program Files\MiKTeX\tex/latex/base\article.cls
Document Class: article 2023/05/17 v1.4n Standard LaTeX document class
(C:\Program Files\MiKTeX\tex/latex/base\size10.clo
File: size10.clo 2023/05/17 v1.4n Standard LaTeX file (size option)
)
\c@part=\count188
\c@section=\count189
\c@subsection=\count190
\c@subsubsection=\count191
\c@paragraph=\count192
\c@subparagraph=\count193
\c@figure=\count194
\c@table=\count195
\abovecaptionskip=\skip48
\belowcaptionskip=\skip49
\bibindent=\dimen140
) (C:\Program Files\MiKTeX\tex/latex/listings\listings.sty (C:\Program Files\MiKTeX\tex/latex/graphics\keyval.sty
Package: keyval 2022/05/29 v1.15 key=value parser (DPC)
\KV@toks@=\toks17
)
\lst@mode=\count196
\lst@gtempboxa=\box51
\lst@token=\toks18
\lst@length=\count197
\lst@currlwidth=\dimen141
\lst@column=\count198
\lst@pos=\count199
\lst@lostspace=\dimen142
\lst@width=\dimen143
\lst@newlines=\count266
\lst@lineno=\count267
\lst@maxwidth=\dimen144
 (C:\Program Files\MiKTeX\tex/latex/listings\lstpatch.sty
File: lstpatch.sty 2024/02/21 1.10 (Carsten Heinz)
) (C:\Program Files\MiKTeX\tex/latex/listings\lstmisc.sty
File: lstmisc.sty 2024/02/21 1.10 (Carsten Heinz)
\c@lstnumber=\count268
\lst@skipnumbers=\count269
\lst@framebox=\box52
) (C:\Program Files\MiKTeX\tex/latex/listings\listings.cfg
File: listings.cfg 2024/02/21 1.10 listings configuration
))
Package: listings 2024/02/21 1.10 (Carsten Heinz)
 (C:\Program Files\MiKTeX\tex/latex/graphics\color.sty
Package: color 2022/01/06 v1.3d Standard LaTeX Color (DPC)
 (C:\Program Files\MiKTeX\tex/latex/graphics-cfg\color.cfg
File: color.cfg 2016/01/02 v1.6 sample color configuration
)
Package color Info: Driver file: pdftex.def on input line 149.
 (C:\Program Files\MiKTeX\tex/latex/graphics-def\pdftex.def
File: pdftex.def 2022/09/22 v1.2b Graphics/color driver for pdftex
) (C:\Program Files\MiKTeX\tex/latex/graphics\mathcolor.ltx)) (C:\Program Files\MiKTeX\tex/latex/amsmath\amsmath.sty
Package: amsmath 2023/05/13 v2.17o AMS math features
\@mathmargin=\skip50

For additional information on amsmath, use the `?' option.
(C:\Program Files\MiKTeX\tex/latex/amsmath\amstext.sty
Package: amstext 2021/08/26 v2.01 AMS text
 (C:\Program Files\MiKTeX\tex/latex/amsmath\amsgen.sty
File: amsgen.sty 1999/11/30 v2.0 generic functions
\@emptytoks=\toks19
\ex@=\dimen145
)) (C:\Program Files\MiKTeX\tex/latex/amsmath\amsbsy.sty
Package: amsbsy 1999/11/29 v1.2d Bold Symbols
\pmbraise@=\dimen146
) (C:\Program Files\MiKTeX\tex/latex/amsmath\amsopn.sty
Package: amsopn 2022/04/08 v2.04 operator names
)
\inf@bad=\count270
LaTeX Info: Redefining \frac on input line 234.
\uproot@=\count271
\leftroot@=\count272
LaTeX Info: Redefining \overline on input line 399.
LaTeX Info: Redefining \colon on input line 410.
\classnum@=\count273
\DOTSCASE@=\count274
LaTeX Info: Redefining \ldots on input line 496.
LaTeX Info: Redefining \dots on input line 499.
LaTeX Info: Redefining \cdots on input line 620.
\Mathstrutbox@=\box53
\strutbox@=\box54
LaTeX Info: Redefining \big on input line 722.
LaTeX Info: Redefining \Big on input line 723.
LaTeX Info: Redefining \bigg on input line 724.
LaTeX Info: Redefining \Bigg on input line 725.
\big@size=\dimen147
LaTeX Font Info:    Redeclaring font encoding OML on input line 743.
LaTeX Font Info:    Redeclaring font encoding OMS on input line 744.
\macc@depth=\count275
LaTeX Info: Redefining \bmod on input line 905.
LaTeX Info: Redefining \pmod on input line 910.
LaTeX Info: Redefining \smash on input line 940.
LaTeX Info: Redefining \relbar on input line 970.
LaTeX Info: Redefining \Relbar on input line 971.
\c@MaxMatrixCols=\count276
\dotsspace@=\muskip16
\c@parentequation=\count277
\dspbrk@lvl=\count278
\tag@help=\toks20
\row@=\count279
\column@=\count280
\maxfields@=\count281
\andhelp@=\toks21
\eqnshift@=\dimen148
\alignsep@=\dimen149
\tagshift@=\dimen150
\tagwidth@=\dimen151
\totwidth@=\dimen152
\lineht@=\dimen153
\@envbody=\toks22
\multlinegap=\skip51
\multlinetaggap=\skip52
\mathdisplay@stack=\toks23
LaTeX Info: Redefining \[ on input line 2953.
LaTeX Info: Redefining \] on input line 2954.
) (C:\Users\Kuba\AppData\Roaming\MiKTeX\tex/latex/mathtools\mathtools.sty
Package: mathtools 2024/03/11 v1.30 mathematical typesetting tools
 (C:\Program Files\MiKTeX\tex/latex/tools\calc.sty
Package: calc 2023/07/08 v4.3 Infix arithmetic (KKT,FJ)
\calc@Acount=\count282
\calc@Bcount=\count283
\calc@Adimen=\dimen154
\calc@Bdimen=\dimen155
\calc@Askip=\skip53
\calc@Bskip=\skip54
LaTeX Info: Redefining \setlength on input line 80.
LaTeX Info: Redefining \addtolength on input line 81.
\calc@Ccount=\count284
\calc@Cskip=\skip55
) (C:\Users\Kuba\AppData\Roaming\MiKTeX\tex/latex/mathtools\mhsetup.sty
Package: mhsetup 2021/03/18 v1.4 programming setup (MH)
)
\g_MT_multlinerow_int=\count285
\l_MT_multwidth_dim=\dimen156
\origjot=\skip56
\l_MT_shortvdotswithinadjustabove_dim=\dimen157
\l_MT_shortvdotswithinadjustbelow_dim=\dimen158
\l_MT_above_intertext_sep=\dimen159
\l_MT_below_intertext_sep=\dimen160
\l_MT_above_shortintertext_sep=\dimen161
\l_MT_below_shortintertext_sep=\dimen162
\xmathstrut@box=\box55
\xmathstrut@dim=\dimen163
) (C:\Program Files\MiKTeX\tex/latex/amsfonts\amsfonts.sty
Package: amsfonts 2013/01/14 v3.01 Basic AMSFonts support
\symAMSa=\mathgroup4
\symAMSb=\mathgroup5
LaTeX Font Info:    Redeclaring math symbol \hbar on input line 98.
LaTeX Font Info:    Overwriting math alphabet `\mathfrak' in version `bold'
(Font)                  U/euf/m/n --> U/euf/b/n on input line 106.
) (C:\Program Files\MiKTeX\tex/latex/amsfonts\amssymb.sty
Package: amssymb 2013/01/14 v3.01 AMS font symbols
) (C:\Users\Kuba\AppData\Roaming\MiKTeX\tex/latex/caption\caption.sty
Package: caption 2023/08/05 v3.6o Customizing captions (AR)
 (C:\Users\Kuba\AppData\Roaming\MiKTeX\tex/latex/caption\caption3.sty
Package: caption3 2023/07/31 v2.4d caption3 kernel (AR)
\caption@tempdima=\dimen164
\captionmargin=\dimen165
\caption@leftmargin=\dimen166
\caption@rightmargin=\dimen167
\caption@width=\dimen168
\caption@indent=\dimen169
\caption@parindent=\dimen170
\caption@hangindent=\dimen171
Package caption Info: Standard document class detected.
)
\c@caption@flags=\count286
\c@continuedfloat=\count287
Package caption Info: listings package is loaded.
) (C:\Program Files\MiKTeX\tex/latex/tools\tabularx.sty
Package: tabularx 2023/07/08 v2.11c `tabularx' package (DPC)
 (C:\Program Files\MiKTeX\tex/latex/tools\array.sty
Package: array 2023/10/16 v2.5g Tabular extension package (FMi)
\col@sep=\dimen172
\ar@mcellbox=\box56
\extrarowheight=\dimen173
\NC@list=\toks24
\extratabsurround=\skip57
\backup@length=\skip58
\ar@cellbox=\box57
)
\TX@col@width=\dimen174
\TX@old@table=\dimen175
\TX@old@col=\dimen176
\TX@target=\dimen177
\TX@delta=\dimen178
\TX@cols=\count288
\TX@ftn=\toks25
) (C:\Users\Kuba\AppData\Roaming\MiKTeX\tex/latex/adjustbox\adjustbox.sty
Package: adjustbox 2022/10/17 v1.3a Adjusting TeX boxes (trim, clip, ...)
 (C:\Program Files\MiKTeX\tex/latex/xkeyval\xkeyval.sty
Package: xkeyval 2022/06/16 v2.9 package option processing (HA)
 (C:\Program Files\MiKTeX\tex/generic/xkeyval\xkeyval.tex (C:\Program Files\MiKTeX\tex/generic/xkeyval\xkvutils.tex
\XKV@toks=\toks26
\XKV@tempa@toks=\toks27
)
\XKV@depth=\count289
File: xkeyval.tex 2014/12/03 v2.7a key=value parser (HA)
)) (C:\Users\Kuba\AppData\Roaming\MiKTeX\tex/latex/adjustbox\adjcalc.sty
Package: adjcalc 2012/05/16 v1.1 Provides advanced setlength with multiple back-ends (calc, etex, pgfmath)
) (C:\Users\Kuba\AppData\Roaming\MiKTeX\tex/latex/adjustbox\trimclip.sty
Package: trimclip 2020/08/19 v1.2 Trim and clip general TeX material
 (C:\Program Files\MiKTeX\tex/latex/graphics\graphicx.sty
Package: graphicx 2021/09/16 v1.2d Enhanced LaTeX Graphics (DPC,SPQR)
 (C:\Program Files\MiKTeX\tex/latex/graphics\graphics.sty
Package: graphics 2022/03/10 v1.4e Standard LaTeX Graphics (DPC,SPQR)
 (C:\Program Files\MiKTeX\tex/latex/graphics\trig.sty
Package: trig 2021/08/11 v1.11 sin cos tan (DPC)
) (C:\Program Files\MiKTeX\tex/latex/graphics-cfg\graphics.cfg
File: graphics.cfg 2016/06/04 v1.11 sample graphics configuration
)
Package graphics Info: Driver file: pdftex.def on input line 107.
)
\Gin@req@height=\dimen179
\Gin@req@width=\dimen180
) (C:\Users\Kuba\AppData\Roaming\MiKTeX\tex/latex/collectbox\collectbox.sty
Package: collectbox 2022/10/17 v0.4c Collect macro arguments as boxes
\collectedbox=\box58
)
\tc@llx=\dimen181
\tc@lly=\dimen182
\tc@urx=\dimen183
\tc@ury=\dimen184
Package trimclip Info: Using driver 'tc-pdftex.def'.
 (C:\Users\Kuba\AppData\Roaming\MiKTeX\tex/latex/adjustbox\tc-pdftex.def
File: tc-pdftex.def 2019/01/04 v2.2 Clipping driver for pdftex
))
\adjbox@Width=\dimen185
\adjbox@Height=\dimen186
\adjbox@Depth=\dimen187
\adjbox@Totalheight=\dimen188
\adjbox@pwidth=\dimen189
\adjbox@pheight=\dimen190
\adjbox@pdepth=\dimen191
\adjbox@ptotalheight=\dimen192
 (C:\Users\Kuba\AppData\Roaming\MiKTeX\tex/latex/ifoddpage\ifoddpage.sty
Package: ifoddpage 2022/10/18 v1.2 Conditionals for odd/even page detection
\c@checkoddpage=\count290
) (C:\Users\Kuba\AppData\Roaming\MiKTeX\tex/latex/varwidth\varwidth.sty
Package: varwidth 2009/03/30 ver 0.92;  Variable-width minipages
\@vwid@box=\box59
\sift@deathcycles=\count291
\@vwid@loff=\dimen193
\@vwid@roff=\dimen194
)) (C:\Users\Kuba\AppData\Roaming\MiKTeX\tex/latex/polski\polski.sty
Package: polski 2021/08/25 v1.3.6 Polish language package

   Switching to Polish text encoding and Polish maths fonts.
(C:\Program Files\MiKTeX\tex/latex/base\ot4enc.def
File: ot4enc.def 2021/04/29 v2.0v Standard LaTeX file
Now handling font encoding OT4 ...
... no UTF-8 mapping file for font encoding OT4
)
LaTeX Font Info:    Trying to load font information for OT4+cmr on input line 362.
 (C:\Users\Kuba\AppData\Roaming\MiKTeX\tex/latex/polski\ot4cmr.fd
File: ot4cmr.fd 2008/02/24 v1.2.1 Font defs for fonts PL (MW)
)
LaTeX Font Info:    Overwriting math alphabet `\mathbf' in version `normal'
(Font)                  OT1/cmr/bx/n --> OT4/cmr/bx/n on input line 362.
LaTeX Font Info:    Overwriting math alphabet `\mathsf' in version `normal'
(Font)                  OT1/cmss/m/n --> OT4/cmss/m/n on input line 362.
LaTeX Font Info:    Overwriting math alphabet `\mathit' in version `normal'
(Font)                  OT1/cmr/m/it --> OT4/cmr/m/it on input line 362.
LaTeX Font Info:    Overwriting math alphabet `\mathtt' in version `normal'
(Font)                  OT1/cmtt/m/n --> OT4/cmtt/m/n on input line 362.
LaTeX Font Info:    Overwriting math alphabet `\mathsf' in version `bold'
(Font)                  OT1/cmss/bx/n --> OT4/cmss/bx/n on input line 362.
LaTeX Font Info:    Overwriting math alphabet `\mathit' in version `bold'
(Font)                  OT1/cmr/bx/it --> OT4/cmr/bx/it on input line 362.
LaTeX Font Info:    Encoding `OT1' has changed to `OT4' for symbol font
(Font)              `operators' in the math version `normal' on input line 362.
LaTeX Font Info:    Overwriting symbol font `operators' in version `normal'
(Font)                  OT1/cmr/m/n --> OT4/cmr/m/n on input line 362.
LaTeX Font Info:    Overwriting symbol font `letters' in version `normal'
(Font)                  OML/cmm/m/it --> OML/plm/m/it on input line 362.
LaTeX Font Info:    Overwriting symbol font `symbols' in version `normal'
(Font)                  OMS/cmsy/m/n --> OMS/plsy/m/n on input line 362.
LaTeX Font Info:    Overwriting symbol font `largesymbols' in version `normal'
(Font)                  OMX/cmex/m/n --> OMX/plex/m/n on input line 362.
LaTeX Font Info:    Encoding `OT1' has changed to `OT4' for symbol font
(Font)              `operators' in the math version `bold' on input line 362.
LaTeX Font Info:    Overwriting symbol font `operators' in version `bold'
(Font)                  OT1/cmr/bx/n --> OT4/cmr/bx/n on input line 362.
LaTeX Font Info:    Overwriting symbol font `letters' in version `bold'
(Font)                  OML/cmm/b/it --> OML/plm/b/it on input line 362.
LaTeX Font Info:    Overwriting symbol font `symbols' in version `bold'
(Font)                  OMS/cmsy/b/n --> OMS/plsy/b/n on input line 362.
) (C:\Program Files\MiKTeX\tex/latex/tools\indentfirst.sty
Package: indentfirst 2023/07/02 v1.03 Indent first paragraph (DPC)
) (C:\Users\Kuba\AppData\Roaming\MiKTeX\tex/latex/pdfpages\pdfpages.sty
Package: pdfpages 2024/01/21 v0.5y Insert pages of external PDF documents (AM)
 (C:\Program Files\MiKTeX\tex/latex/base\ifthen.sty
Package: ifthen 2022/04/13 v1.1d Standard LaTeX ifthen package (DPC)
) (C:\Users\Kuba\AppData\Roaming\MiKTeX\tex/latex/eso-pic\eso-pic.sty
Package: eso-pic 2023/05/03 v3.0c eso-pic (RN)
\ESO@tempdima=\dimen195
\ESO@tempdimb=\dimen196
)
\AM@pagewidth=\dimen197
\AM@pageheight=\dimen198
\AM@fboxrule=\dimen199
 (C:\Users\Kuba\AppData\Roaming\MiKTeX\tex/latex/pdfpages\pppdftex.def
File: pppdftex.def 2024/01/21 v0.5y Pdfpages driver for pdfTeX (AM)
)
\pdfpages@includegraphics@status=\count292
\AM@pagebox=\box60
\AM@global@opts=\toks28
\AM@pagecnt=\count293
\AM@toc@title=\toks29
\AM@lof@heading=\toks30
\c@AM@survey=\count294
\AM@templatesizebox=\box61
) (C:\Users\Kuba\AppData\Roaming\MiKTeX\tex/latex/float\float.sty
Package: float 2001/11/08 v1.3d Float enhancements (AL)
\c@float@type=\count295
\float@exts=\toks31
\float@box=\box62
\@float@everytoks=\toks32
\@floatcapt=\box63
) (C:\Users\Kuba\AppData\Roaming\MiKTeX\tex/latex/gauss\gauss.sty
Package: gauss 2003/01/14
\g@trash=\box64
\g@matrixbox=\box65
\g@eastbox=\box66
\g@northbox=\box67
\g@label=\box68
\g@b@tmp=\box69
\g@b@tmpa=\box70
\g@b@tmpb=\box71
\g@maxrow=\count296
\g@maxcol=\count297
\g@maxrow@old=\count298
\g@maxcol@old=\count299
\g@c@tmp=\count300
\g@c@tmpa=\count301
\g@axisHeight=\dimen256
\g@linethickness=\dimen257
\g@tab=\dimen258
\g@arrowht=\dimen259
\g@arrowwd=\dimen260
\g@d@tmp=\dimen261
\g@d@tmpa=\dimen262
\g@d@tmpb=\dimen263
\g@d@tmpc=\dimen264
\g@d@tmpd=\dimen265
\g@d@tmpe=\dimen266
\g@loopCount=\count302
\g@loopEnd=\count303
\g@loopStep=\count304
\colarrowsep=\dimen267
\rowarrowsep=\dimen268
\opskip=\dimen269
\labelskip=\dimen270
\colopminsize=\dimen271
\rowopminsize=\dimen272
)
Package caption Info: Option `declare type' requires the `newfloat' package on input line 18.
 (C:\Users\Kuba\AppData\Roaming\MiKTeX\tex/latex/newfloat\newfloat.sty
Package: newfloat 2023/10/01 v1.2 Defining new floating environments (AR)
)
Package newfloat Info: New float `equ' with options `' on input line 18.
\c@equ=\count305
Package newfloat Info: float type `equ'=4 on input line 18.
 (C:\Program Files\MiKTeX\tex/latex/etoolbox\etoolbox.sty
Package: etoolbox 2020/10/05 v2.5k e-TeX tools for LaTeX (JAW)
\etb@tempcnta=\count306
) (C:\Program Files\MiKTeX\tex/latex/listings\lstlang1.sty
File: lstlang1.sty 2024/02/21 1.10 listings language file
) (C:\Program Files\MiKTeX\tex/latex/l3backend\l3backend-pdftex.def
File: l3backend-pdftex.def 2024-02-20 L3 backend support: PDF output (pdfTeX)
\l__color_backend_stack_int=\count307
\l__pdf_internal_box=\box72
) (raport7.aux)
\openout1 = `raport7.aux'.

LaTeX Font Info:    Checking defaults for OML/cmm/m/it on input line 60.
LaTeX Font Info:    ... okay on input line 60.
LaTeX Font Info:    Checking defaults for OMS/cmsy/m/n on input line 60.
LaTeX Font Info:    ... okay on input line 60.
LaTeX Font Info:    Checking defaults for OT1/cmr/m/n on input line 60.
LaTeX Font Info:    ... okay on input line 60.
LaTeX Font Info:    Checking defaults for T1/cmr/m/n on input line 60.
LaTeX Font Info:    ... okay on input line 60.
LaTeX Font Info:    Checking defaults for TS1/cmr/m/n on input line 60.
LaTeX Font Info:    ... okay on input line 60.
LaTeX Font Info:    Checking defaults for OMX/cmex/m/n on input line 60.
LaTeX Font Info:    ... okay on input line 60.
LaTeX Font Info:    Checking defaults for U/cmr/m/n on input line 60.
LaTeX Font Info:    ... okay on input line 60.
LaTeX Font Info:    Checking defaults for OT4/cmr/m/n on input line 60.
LaTeX Font Info:    ... okay on input line 60.
\c@lstlisting=\count308
 (C:\Program Files\MiKTeX\tex/context/base/mkii\supp-pdf.mkii
[Loading MPS to PDF converter (version 2006.09.02).]
\scratchcounter=\count309
\scratchdimen=\dimen273
\scratchbox=\box73
\nofMPsegments=\count310
\nofMParguments=\count311
\everyMPshowfont=\toks33
\MPscratchCnt=\count312
\MPscratchDim=\dimen274
\MPnumerator=\count313
\makeMPintoPDFobject=\count314
\everyMPtoPDFconversion=\toks34
) (C:\Program Files\MiKTeX\tex/latex/epstopdf-pkg\epstopdf-base.sty
Package: epstopdf-base 2020-01-24 v2.11 Base part for package epstopdf
Package epstopdf-base Info: Redefining graphics rule for `.eps' on input line 485.
 (C:\Program Files\MiKTeX\tex/latex/00miktex\epstopdf-sys.cfg
File: epstopdf-sys.cfg 2021/03/18 v2.0 Configuration of epstopdf for MiKTeX
))
Package caption Info: Begin \AtBeginDocument code.
Package caption Info: float package is loaded.
Package caption Info: End \AtBeginDocument code.
 (C:\Users\Kuba\AppData\Roaming\MiKTeX\tex/latex/pdflscape\pdflscape.sty
Package: pdflscape 2022-10-27 v0.13 Display of landscape pages in PDF
 (C:\Users\Kuba\AppData\Roaming\MiKTeX\tex/latex/pdflscape\pdflscape-nometadata.sty
Package: pdflscape-nometadata 2022-10-28 v0.13 Display of landscape pages in PDF (HO)
 (C:\Program Files\MiKTeX\tex/generic/iftex\iftex.sty
Package: iftex 2022/02/03 v1.0f TeX engine tests
) (C:\Program Files\MiKTeX\tex/latex/graphics\lscape.sty
Package: lscape 2020/05/28 v3.02 Landscape Pages (DPC)
)
Package pdflscape Info: Auto-detected driver: pdftex on input line 81.
))
Package newfloat Info: `float' package detected.
LaTeX Font Info:    Trying to load font information for OML+plm on input line 64.
 (C:\Users\Kuba\AppData\Roaming\MiKTeX\tex/latex/polski\omlplm.fd
File: omlplm.fd 2008/02/24 v1.2.1 Font defs for fonts PL (MW)
)
LaTeX Font Info:    Trying to load font information for OMS+plsy on input line 64.
 (C:\Users\Kuba\AppData\Roaming\MiKTeX\tex/latex/polski\omsplsy.fd
File: omsplsy.fd 2008/02/24 v1.2.1 Font defs for fonts PL (MW)
)
LaTeX Font Info:    Trying to load font information for OMX+plex on input line 64.
 (C:\Users\Kuba\AppData\Roaming\MiKTeX\tex/latex/polski\omxplex.fd
File: omxplex.fd 2008/02/24 v1.2.1 Font defs for fonts PL (MW)
)
LaTeX Font Info:    External font `plex10' loaded for size
(Font)              <12> on input line 64.
LaTeX Font Info:    External font `plex10' loaded for size
(Font)              <8> on input line 64.
LaTeX Font Info:    External font `plex10' loaded for size
(Font)              <6> on input line 64.
LaTeX Font Info:    Trying to load font information for U+msa on input line 64.
 (C:\Program Files\MiKTeX\tex/latex/amsfonts\umsa.fd
File: umsa.fd 2013/01/14 v3.01 AMS symbols A
)
LaTeX Font Info:    Trying to load font information for U+msb on input line 64.
 (C:\Program Files\MiKTeX\tex/latex/amsfonts\umsb.fd
File: umsb.fd 2013/01/14 v3.01 AMS symbols B
) [1

{C:/Users/Kuba/AppData/Local/MiKTeX/fonts/map/pdftex/pdftex.map}{C:/Users/Kuba/AppData/Roaming/MiKTeX/fonts/enc/dvips/pl/plrm.enc}] (raport7.toc)
\tf@toc=\write3
\openout3 = `raport7.toc'.

 [2]
LaTeX Font Info:    External font `plex10' loaded for size
(Font)              <10> on input line 73.
LaTeX Font Info:    External font `plex10' loaded for size
(Font)              <7> on input line 73.
LaTeX Font Info:    External font `plex10' loaded for size
(Font)              <5> on input line 73.
LaTeX Font Info:    Trying to load font information for OT4+cmtt on input line 79.
 (C:\Users\Kuba\AppData\Roaming\MiKTeX\tex/latex/polski\ot4cmtt.fd
File: ot4cmtt.fd 2008/02/24 v1.2.1 Font defs for fonts PL (MW)
) [3{C:/Users/Kuba/AppData/Roaming/MiKTeX/fonts/enc/dvips/pl/plmi.enc}{C:/Users/Kuba/AppData/Roaming/MiKTeX/fonts/enc/dvips/pl/plms.enc}{C:/Users/Kuba/AppData/Roaming/MiKTeX/fonts/enc/dvips/pl/pltt.enc}]
<zad1.png, id=21, 433.62pt x 289.08pt>
File: zad1.png Graphic file (type png)
<use zad1.png>
Package pdftex.def Info: zad1.png  used on input line 119.
(pdftex.def)             Requested size: 346.89647pt x 231.2643pt.

Overfull \hbox (1.89647pt too wide) in paragraph at lines 119--122
 [][] 
 []


Underfull \hbox (badness 10000) in paragraph at lines 134--137

 []

[4{C:/Users/Kuba/AppData/Roaming/MiKTeX/fonts/enc/dvips/pl/plme.enc} <./zad1.png>]
<Zadanie2a-wykres.png, id=29, 969.6225pt x 464.4853pt>
File: Zadanie2a-wykres.png Graphic file (type png)
<use Zadanie2a-wykres.png>
Package pdftex.def Info: Zadanie2a-wykres.png  used on input line 177.
(pdftex.def)             Requested size: 387.84213pt x 185.79083pt.

Overfull \hbox (42.84213pt too wide) in paragraph at lines 177--180
 [][] 
 []

[5 <./Zadanie2a-wykres.png>]
<Zad2a.png, id=33, 803.0pt x 602.25pt>
File: Zad2a.png Graphic file (type png)
<use Zad2a.png>
Package pdftex.def Info: Zad2a.png  used on input line 184.
(pdftex.def)             Requested size: 401.49902pt x 301.12425pt.

Overfull \hbox (56.49902pt too wide) in paragraph at lines 184--187
 [][] 
 []

[6 <./Zad2a.png (PNG copy)>]
<Zadanie2b-wykres.png, id=37, 948.54375pt x 491.58656pt>
File: Zadanie2b-wykres.png Graphic file (type png)
<use Zadanie2b-wykres.png>
Package pdftex.def Info: Zadanie2b-wykres.png  used on input line 219.
(pdftex.def)             Requested size: 379.41077pt x 196.63113pt.

Overfull \hbox (34.41077pt too wide) in paragraph at lines 219--222
 [][] 
 []

[7 <./Zadanie2b-wykres.png>]
<Zad2b.png, id=42, 803.0pt x 602.25pt>
File: Zad2b.png Graphic file (type png)
<use Zad2b.png>
Package pdftex.def Info: Zad2b.png  used on input line 226.
(pdftex.def)             Requested size: 401.49902pt x 301.12425pt.

Overfull \hbox (56.49902pt too wide) in paragraph at lines 226--229
 [][] 
 []

[8 <./Zad2b.png (PNG copy)>]
<Zadanie2c-wykres.png, id=46, 834.86906pt x 549.55313pt>
File: Zadanie2c-wykres.png Graphic file (type png)
<use Zadanie2c-wykres.png>
Package pdftex.def Info: Zadanie2c-wykres.png  used on input line 258.
(pdftex.def)             Requested size: 333.94171pt x 219.81735pt.
 [9 <./Zadanie2c-wykres.png>]
<Zad2c.png, id=50, 803.0pt x 602.25pt>
File: Zad2c.png Graphic file (type png)
<use Zad2c.png>
Package pdftex.def Info: Zad2c.png  used on input line 265.
(pdftex.def)             Requested size: 401.49902pt x 301.12425pt.

Overfull \hbox (56.49902pt too wide) in paragraph at lines 265--268
 [][] 
 []

[10 <./Zad2c.png (PNG copy)>]
Underfull \hbox (badness 10000) in paragraph at lines 271--272

 []


Underfull \hbox (badness 10000) in paragraph at lines 280--282

 []


Underfull \hbox (badness 10000) in paragraph at lines 280--282

 []

[11] [12]
<zad4.1.png, id=60, 505.89pt x 505.89pt>
File: zad4.1.png Graphic file (type png)
<use zad4.1.png>
Package pdftex.def Info: zad4.1.png  used on input line 406.
(pdftex.def)             Requested size: 404.71254pt x 404.71254pt.

Overfull \hbox (59.71254pt too wide) in paragraph at lines 406--409
 [][] 
 []

<zad4.2.png, id=61, 505.89pt x 505.89pt>
File: zad4.2.png Graphic file (type png)
<use zad4.2.png>
Package pdftex.def Info: zad4.2.png  used on input line 412.
(pdftex.def)             Requested size: 404.71254pt x 404.71254pt.

Overfull \hbox (59.71254pt too wide) in paragraph at lines 412--415
 [][] 
 []


LaTeX Warning: `!h' float specifier changed to `!ht'.

[13 <./zad4.1.png>] [14 <./zad4.2.png>]
Overfull \hbox (33.5297pt too wide) in paragraph at lines 467--479
[][] 
 []


LaTeX Warning: `!h' float specifier changed to `!ht'.

<Zad5.png, id=71, 803.0pt x 602.25pt>
File: Zad5.png Graphic file (type png)
<use Zad5.png>
Package pdftex.def Info: Zad5.png  used on input line 484.
(pdftex.def)             Requested size: 401.49902pt x 301.12425pt.

Overfull \hbox (56.49902pt too wide) in paragraph at lines 484--487
 [][] 
 []


LaTeX Warning: `h' float specifier changed to `ht'.


Underfull \hbox (badness 10000) in paragraph at lines 490--495

 []

[15] [16]
Overfull \hbox (24.43248pt too wide) in paragraph at lines 539--541
[]\OT4/cmr/m/n/10 Natomiast w przy-pad-ku me-to-dy Polaka-Ribiere'a, wy-ko-rzy-sta-no me-thod='BFGS',
 []


Overfull \hbox (2.54236pt too wide) in paragraph at lines 539--541
\OT4/cmr/m/n/10 gdzie BFGS ozna-cza me-to-d¦ quasi-Newtona, któ-ra wy-ko-rzy-stu-je al-go-rytm Quasi-
 []

[17 <./Zad5.png (PNG copy)>]
<zad6.jpg, id=81, 410.2828pt x 323.70938pt>
File: zad6.jpg Graphic file (type jpg)
<use zad6.jpg>
Package pdftex.def Info: zad6.jpg  used on input line 553.
(pdftex.def)             Requested size: 287.196pt x 226.59502pt.
LaTeX Font Info:    Trying to load font information for U+euf on input line 560.
 (C:\Program Files\MiKTeX\tex/latex/amsfonts\ueuf.fd
File: ueuf.fd 2013/01/14 v3.01 Euler Fraktur
)
Overfull \hbox (0.59784pt too wide) in paragraph at lines 559--565
[]\OT4/cmr/m/n/10 Korzystaj¡c z al-go-ryt-mów ta-kich jak quasi-Newton oraz CG, roz-wi¡-za¢ ukªad
 []


Underfull \hbox (badness 10000) in paragraph at lines 559--565

 []

[18 <./zad6.jpg>]
<zad7.jpg, id=86, 411.03563pt x 79.79813pt>
File: zad7.jpg Graphic file (type jpg)
<use zad7.jpg>
Package pdftex.def Info: zad7.jpg  used on input line 612.
(pdftex.def)             Requested size: 287.72298pt x 55.85829pt.


Package caption Warning: Unused \captionsetup[equ] on input line 19.
See the caption package documentation for explanation.

[19 <./zad7.jpg>] (raport7.aux)
 ***********
LaTeX2e <2023-11-01> patch level 1
L3 programming layer <2024-02-20>
 ***********
 ) 
Here is how much of TeX's memory you used:
 9478 strings out of 474435
 151597 string characters out of 5751751
 2008190 words of memory out of 5000000
 31643 multiletter control sequences out of 15000+600000
 571187 words of font info for 76 fonts, out of 8000000 for 9000
 1141 hyphenation exceptions out of 8191
 86i,11n,93p,588b,957s stack positions out of 10000i,1000n,20000p,200000b,200000s
<C:/Program Files/MiKTeX/fonts/type1/public/amsfonts/euler/eufm10.pfb><C:/Users/Kuba/AppData/Roaming/MiKTeX/fonts/type1/public/pl/plbx10.pfb><C:/Users/Kuba/AppData/Roaming/MiKTeX/fonts/type1/public/pl/plbx12.pfb><C:/Users/Kuba/AppData/Roaming/MiKTeX/fonts/type1/public/pl/plex10.pfb><C:/Users/Kuba/AppData/Roaming/MiKTeX/fonts/type1/public/pl/plmi10.pfb><C:/Users/Kuba/AppData/Roaming/MiKTeX/fonts/type1/public/pl/plmi7.pfb><C:/Users/Kuba/AppData/Roaming/MiKTeX/fonts/type1/public/pl/plr10.pfb><C:/Users/Kuba/AppData/Roaming/MiKTeX/fonts/type1/public/pl/plr12.pfb><C:/Users/Kuba/AppData/Roaming/MiKTeX/fonts/type1/public/pl/plr17.pfb><C:/Users/Kuba/AppData/Roaming/MiKTeX/fonts/type1/public/pl/plr7.pfb><C:/Users/Kuba/AppData/Roaming/MiKTeX/fonts/type1/public/pl/plsy10.pfb><C:/Users/Kuba/AppData/Roaming/MiKTeX/fonts/type1/public/pl/plsy7.pfb><C:/Users/Kuba/AppData/Roaming/MiKTeX/fonts/type1/public/pl/pltt9.pfb>
Output written on raport7.pdf (19 pages, 1161459 bytes).
PDF statistics:
 150 PDF objects out of 1000 (max. 8388607)
 0 named destinations out of 1000 (max. 500000)
 61 words of extra memory for PDF output out of 10000 (max. 10000000)

